Arguments: 
  /Users/liyoujie/.nvm/versions/node/v8.9.4/bin/node /Users/liyoujie/.nvm/versions/node/v8.9.4/bin/yarn add file-loader -D

PATH: 
  /usr/local/bin:/usr/bin:/bin:/usr/sbin:/sbin:/Applications/Wireshark.app/Contents/MacOS:/Users/liyoujie/.nvm/versions/node/v8.9.4/bin

Yarn version: 
  1.6.0

Node version: 
  8.9.4

Platform: 
  darwin x64

Trace: 
  Error: ENOENT: no such file or directory, copyfile '/Users/liyoujie/Library/Caches/Yarn/v1/npm-ansi-styles-2.2.1-b432dd3358b634cf75e1e4664368240533c1ddbe/license' -> '/Users/liyoujie/Desktop/GitHub/webpack-practice/node_modules/babel-code-frame/node_modules/ansi-styles/license'

npm manifest: 
  {
    "name": "webpack-practice",
    "version": "1.0.0",
    "description": "",
    "main": "index.js",
    "scripts": {
      "test": "echo \"Error: no test specified\" && exit 1",
      "build": "webpack",
      "start": "webpack-dev-server --open"
    },
    "author": "",
    "license": "ISC",
    "devDependencies": {
      "css-loader": "^1.0.1",
      "style-loader": "^0.23.1",
      "webpack": "^4.25.1",
      "webpack-cli": "^3.1.2",
      "webpack-dev-server": "^3.1.10"
    }
  }

yarn manifest: 
  No manifest

Lockfile: 
  No lockfile
